<?xml version="1.0" encoding="UTF-8"?>
<!-- Generated by org.testng.reporters.JUnitXMLReporter -->
<testsuite ignored="0" hostname="TSSMULT320" failures="0" tests="7" name="Default test" time="48.573" errors="0" timestamp="2020-02-24T14:16:33 IST">
  <testcase classname="automationPractice.E2ETest" name="basePageNavigation" time="1.231"/>
  <testcase classname="automationPractice.E2ETest" name="createNewAccount" time="0.975"/>
  <testcase classname="automationPractice.E2ETest" name="RegisterNewUser" time="7.338"/>
  <testcase classname="automationPractice.E2ETest" name="Login" time="2.028"/>
  <testcase classname="automationPractice.E2ETest" name="AddToCart" time="9.586"/>
  <testcase classname="automationPractice.E2ETest" name="Checkout" time="8.037"/>
  <testcase classname="automationPractice.E2ETest" name="OrderHistory" time="2.741"/>
</testsuite> <!-- Default test -->
