<?xml version="1.0" encoding="UTF-8"?>
<!-- Generated by org.testng.reporters.JUnitXMLReporter -->
<testsuite ignored="0" hostname="TSSMULT320" failures="0" tests="7" name="Test" time="54.503" errors="0" timestamp="2020-02-24T19:26:04 IST">
  <testcase classname="automationPractice.E2ETest" name="basePageNavigation" time="2.651"/>
  <testcase classname="automationPractice.E2ETest" name="createNewAccount" time="0.667"/>
  <testcase classname="automationPractice.E2ETest" name="RegisterNewUser" time="8.88"/>
  <testcase classname="automationPractice.E2ETest" name="Login" time="2.783"/>
  <testcase classname="automationPractice.E2ETest" name="AddToCart" time="9.35"/>
  <testcase classname="automationPractice.E2ETest" name="Checkout" time="10.034"/>
  <testcase classname="automationPractice.E2ETest" name="OrderHistory" time="2.741"/>
</testsuite> <!-- Test -->
